[   17450ms] [ERROR] Failed to load resource: the server responded with a status of 400 (Bad Request) @ http://localhost:4173/__json/business:0
[   17458ms] [ERROR] Failed to load JSON via CRUD API (business) Error: JSON CRUD request failed (400): {"error":"Invalid JSON payload"}
    at requestJson (http://localhost:4173/src/api/jsonCrud.ts:15:11)
    at async loadWithPersistence (http://localhost:4173/src/api/index.ts:133:23)
    at async loadBusinessProfile (http://localhost:4173/src/api/index.ts:191:16)
    at async Object.getBusinessProfile (http://localhost:4173/src/api/index.ts:371:5)
    at async handleCompanySettings (http://localhost:4173/src/components/AppNav.tsx:65:23) @ http://localhost:4173/src/api/index.ts:136
[   17470ms] [ERROR] Failed to load JSON: /data/business.json SyntaxError: Unexpected non-whitespace character after JSON at position 808 (line 33 column 3) @ http://localhost:4173/src/api/index.ts:45
[   17478ms] [ERROR] Failed to load resource: the server responded with a status of 400 (Bad Request) @ http://localhost:4173/__json/business:0
[   17515ms] [ERROR] Failed to persist JSON file for business: Error: JSON CRUD request failed (400): {"error":"Invalid JSON payload"}
    at requestJson (http://localhost:4173/src/api/jsonCrud.ts:15:11)
    at async persistToFile (http://localhost:4173/src/api/index.ts:113:22) @ http://localhost:4173/src/api/index.ts:116
[   17942ms] [ERROR] Maximum update depth exceeded. This can happen when a component calls setState inside useEffect, but useEffect either doesn't have a dependency array, or one of the dependencies changes on every render. @ http://localhost:4173/node_modules/.vite/deps/react-dom_client.js?v=2622a540:3528
[   18531ms] [ERROR] Maximum update depth exceeded. This can happen when a component calls setState inside useEffect, but useEffect either doesn't have a dependency array, or one of the dependencies changes on every render. @ http://localhost:4173/node_modules/.vite/deps/react-dom_client.js?v=2622a540:3528
[   19057ms] [ERROR] Maximum update depth exceeded. This can happen when a component calls setState inside useEffect, but useEffect either doesn't have a dependency array, or one of the dependencies changes on every render. @ http://localhost:4173/node_modules/.vite/deps/react-dom_client.js?v=2622a540:3528
[   19673ms] [ERROR] Maximum update depth exceeded. This can happen when a component calls setState inside useEffect, but useEffect either doesn't have a dependency array, or one of the dependencies changes on every render. @ http://localhost:4173/node_modules/.vite/deps/react-dom_client.js?v=2622a540:3528
[   20212ms] [ERROR] Maximum update depth exceeded. This can happen when a component calls setState inside useEffect, but useEffect either doesn't have a dependency array, or one of the dependencies changes on every render. @ http://localhost:4173/node_modules/.vite/deps/react-dom_client.js?v=2622a540:3528
[   20835ms] [ERROR] Maximum update depth exceeded. This can happen when a component calls setState inside useEffect, but useEffect either doesn't have a dependency array, or one of the dependencies changes on every render. @ http://localhost:4173/node_modules/.vite/deps/react-dom_client.js?v=2622a540:3528
[   21401ms] [ERROR] Maximum update depth exceeded. This can happen when a component calls setState inside useEffect, but useEffect either doesn't have a dependency array, or one of the dependencies changes on every render. @ http://localhost:4173/node_modules/.vite/deps/react-dom_client.js?v=2622a540:3528
[   21870ms] [ERROR] Maximum update depth exceeded. This can happen when a component calls setState inside useEffect, but useEffect either doesn't have a dependency array, or one of the dependencies changes on every render. @ http://localhost:4173/node_modules/.vite/deps/react-dom_client.js?v=2622a540:3528
[   22429ms] [ERROR] Maximum update depth exceeded. This can happen when a component calls setState inside useEffect, but useEffect either doesn't have a dependency array, or one of the dependencies changes on every render. @ http://localhost:4173/node_modules/.vite/deps/react-dom_client.js?v=2622a540:3528
[   22902ms] [ERROR] Maximum update depth exceeded. This can happen when a component calls setState inside useEffect, but useEffect either doesn't have a dependency array, or one of the dependencies changes on every render. @ http://localhost:4173/node_modules/.vite/deps/react-dom_client.js?v=2622a540:3528
[   23455ms] [ERROR] Maximum update depth exceeded. This can happen when a component calls setState inside useEffect, but useEffect either doesn't have a dependency array, or one of the dependencies changes on every render. @ http://localhost:4173/node_modules/.vite/deps/react-dom_client.js?v=2622a540:3528
[   23922ms] [ERROR] Maximum update depth exceeded. This can happen when a component calls setState inside useEffect, but useEffect either doesn't have a dependency array, or one of the dependencies changes on every render. @ http://localhost:4173/node_modules/.vite/deps/react-dom_client.js?v=2622a540:3528
[   24479ms] [ERROR] Maximum update depth exceeded. This can happen when a component calls setState inside useEffect, but useEffect either doesn't have a dependency array, or one of the dependencies changes on every render. @ http://localhost:4173/node_modules/.vite/deps/react-dom_client.js?v=2622a540:3528
[   24989ms] [ERROR] Maximum update depth exceeded. This can happen when a component calls setState inside useEffect, but useEffect either doesn't have a dependency array, or one of the dependencies changes on every render. @ http://localhost:4173/node_modules/.vite/deps/react-dom_client.js?v=2622a540:3528
[   25581ms] [ERROR] Maximum update depth exceeded. This can happen when a component calls setState inside useEffect, but useEffect either doesn't have a dependency array, or one of the dependencies changes on every render. @ http://localhost:4173/node_modules/.vite/deps/react-dom_client.js?v=2622a540:3528
[   26052ms] [ERROR] Maximum update depth exceeded. This can happen when a component calls setState inside useEffect, but useEffect either doesn't have a dependency array, or one of the dependencies changes on every render. @ http://localhost:4173/node_modules/.vite/deps/react-dom_client.js?v=2622a540:3528
[   26605ms] [ERROR] Maximum update depth exceeded. This can happen when a component calls setState inside useEffect, but useEffect either doesn't have a dependency array, or one of the dependencies changes on every render. @ http://localhost:4173/node_modules/.vite/deps/react-dom_client.js?v=2622a540:3528
[   27068ms] [ERROR] Maximum update depth exceeded. This can happen when a component calls setState inside useEffect, but useEffect either doesn't have a dependency array, or one of the dependencies changes on every render. @ http://localhost:4173/node_modules/.vite/deps/react-dom_client.js?v=2622a540:3528
[   27644ms] [ERROR] Maximum update depth exceeded. This can happen when a component calls setState inside useEffect, but useEffect either doesn't have a dependency array, or one of the dependencies changes on every render. @ http://localhost:4173/node_modules/.vite/deps/react-dom_client.js?v=2622a540:3528
[   28116ms] [ERROR] Maximum update depth exceeded. This can happen when a component calls setState inside useEffect, but useEffect either doesn't have a dependency array, or one of the dependencies changes on every render. @ http://localhost:4173/node_modules/.vite/deps/react-dom_client.js?v=2622a540:3528
[   28680ms] [ERROR] Maximum update depth exceeded. This can happen when a component calls setState inside useEffect, but useEffect either doesn't have a dependency array, or one of the dependencies changes on every render. @ http://localhost:4173/node_modules/.vite/deps/react-dom_client.js?v=2622a540:3528
[   29147ms] [ERROR] Maximum update depth exceeded. This can happen when a component calls setState inside useEffect, but useEffect either doesn't have a dependency array, or one of the dependencies changes on every render. @ http://localhost:4173/node_modules/.vite/deps/react-dom_client.js?v=2622a540:3528
[   29723ms] [ERROR] Maximum update depth exceeded. This can happen when a component calls setState inside useEffect, but useEffect either doesn't have a dependency array, or one of the dependencies changes on every render. @ http://localhost:4173/node_modules/.vite/deps/react-dom_client.js?v=2622a540:3528
[   30192ms] [ERROR] Maximum update depth exceeded. This can happen when a component calls setState inside useEffect, but useEffect either doesn't have a dependency array, or one of the dependencies changes on every render. @ http://localhost:4173/node_modules/.vite/deps/react-dom_client.js?v=2622a540:3528
[   30787ms] [ERROR] Maximum update depth exceeded. This can happen when a component calls setState inside useEffect, but useEffect either doesn't have a dependency array, or one of the dependencies changes on every render. @ http://localhost:4173/node_modules/.vite/deps/react-dom_client.js?v=2622a540:3528
[   31414ms] [ERROR] Maximum update depth exceeded. This can happen when a component calls setState inside useEffect, but useEffect either doesn't have a dependency array, or one of the dependencies changes on every render. @ http://localhost:4173/node_modules/.vite/deps/react-dom_client.js?v=2622a540:3528
[   32006ms] [ERROR] Maximum update depth exceeded. This can happen when a component calls setState inside useEffect, but useEffect either doesn't have a dependency array, or one of the dependencies changes on every render. @ http://localhost:4173/node_modules/.vite/deps/react-dom_client.js?v=2622a540:3528
[   32606ms] [ERROR] Maximum update depth exceeded. This can happen when a component calls setState inside useEffect, but useEffect either doesn't have a dependency array, or one of the dependencies changes on every render. @ http://localhost:4173/node_modules/.vite/deps/react-dom_client.js?v=2622a540:3528
[   33080ms] [ERROR] Maximum update depth exceeded. This can happen when a component calls setState inside useEffect, but useEffect either doesn't have a dependency array, or one of the dependencies changes on every render. @ http://localhost:4173/node_modules/.vite/deps/react-dom_client.js?v=2622a540:3528
