[  179819ms] [ERROR] Failed to load resource: the server responded with a status of 400 (Bad Request) @ http://localhost:4173/__json/business:0
[  179825ms] [ERROR] Failed to load JSON via CRUD API (business) Error: JSON CRUD request failed (400): {"error":"Invalid JSON payload"}
    at requestJson (http://localhost:4173/src/api/jsonCrud.ts:15:11)
    at async loadWithPersistence (http://localhost:4173/src/api/index.ts:133:23)
    at async loadBusinessProfile (http://localhost:4173/src/api/index.ts:191:16)
    at async Object.getBusinessProfile (http://localhost:4173/src/api/index.ts:371:5)
    at async handleCompanySettings (http://localhost:4173/src/components/AppNav.tsx?t=1770628347392:65:23) @ http://localhost:4173/src/api/index.ts:136
[  179835ms] [ERROR] Failed to load JSON: /data/business.json SyntaxError: Unexpected non-whitespace character after JSON at position 808 (line 33 column 3) @ http://localhost:4173/src/api/index.ts:45
[  179843ms] [ERROR] Failed to load resource: the server responded with a status of 400 (Bad Request) @ http://localhost:4173/__json/business:0
[  179869ms] [ERROR] Failed to persist JSON file for business: Error: JSON CRUD request failed (400): {"error":"Invalid JSON payload"}
    at requestJson (http://localhost:4173/src/api/jsonCrud.ts:15:11)
    at async persistToFile (http://localhost:4173/src/api/index.ts:113:22) @ http://localhost:4173/src/api/index.ts:116
[  180252ms] [ERROR] Maximum update depth exceeded. This can happen when a component calls setState inside useEffect, but useEffect either doesn't have a dependency array, or one of the dependencies changes on every render. @ http://localhost:4173/node_modules/.vite/deps/react-dom_client.js?v=2622a540:3528
[  181007ms] [ERROR] Maximum update depth exceeded. This can happen when a component calls setState inside useEffect, but useEffect either doesn't have a dependency array, or one of the dependencies changes on every render. @ http://localhost:4173/node_modules/.vite/deps/react-dom_client.js?v=2622a540:3528
[  181407ms] [ERROR] Maximum update depth exceeded. This can happen when a component calls setState inside useEffect, but useEffect either doesn't have a dependency array, or one of the dependencies changes on every render. @ http://localhost:4173/node_modules/.vite/deps/react-dom_client.js?v=2622a540:3528
[  181912ms] [ERROR] Maximum update depth exceeded. This can happen when a component calls setState inside useEffect, but useEffect either doesn't have a dependency array, or one of the dependencies changes on every render. @ http://localhost:4173/node_modules/.vite/deps/react-dom_client.js?v=2622a540:3528
[  182359ms] [ERROR] Maximum update depth exceeded. This can happen when a component calls setState inside useEffect, but useEffect either doesn't have a dependency array, or one of the dependencies changes on every render. @ http://localhost:4173/node_modules/.vite/deps/react-dom_client.js?v=2622a540:3528
[  182866ms] [ERROR] Maximum update depth exceeded. This can happen when a component calls setState inside useEffect, but useEffect either doesn't have a dependency array, or one of the dependencies changes on every render. @ http://localhost:4173/node_modules/.vite/deps/react-dom_client.js?v=2622a540:3528
[  183235ms] [ERROR] Maximum update depth exceeded. This can happen when a component calls setState inside useEffect, but useEffect either doesn't have a dependency array, or one of the dependencies changes on every render. @ http://localhost:4173/node_modules/.vite/deps/react-dom_client.js?v=2622a540:3528
[  183765ms] [ERROR] Maximum update depth exceeded. This can happen when a component calls setState inside useEffect, but useEffect either doesn't have a dependency array, or one of the dependencies changes on every render. @ http://localhost:4173/node_modules/.vite/deps/react-dom_client.js?v=2622a540:3528
[  184160ms] [ERROR] Maximum update depth exceeded. This can happen when a component calls setState inside useEffect, but useEffect either doesn't have a dependency array, or one of the dependencies changes on every render. @ http://localhost:4173/node_modules/.vite/deps/react-dom_client.js?v=2622a540:3528
[  184596ms] [ERROR] Maximum update depth exceeded. This can happen when a component calls setState inside useEffect, but useEffect either doesn't have a dependency array, or one of the dependencies changes on every render. @ http://localhost:4173/node_modules/.vite/deps/react-dom_client.js?v=2622a540:3528
[  185115ms] [ERROR] Maximum update depth exceeded. This can happen when a component calls setState inside useEffect, but useEffect either doesn't have a dependency array, or one of the dependencies changes on every render. @ http://localhost:4173/node_modules/.vite/deps/react-dom_client.js?v=2622a540:3528
[  185521ms] [ERROR] Maximum update depth exceeded. This can happen when a component calls setState inside useEffect, but useEffect either doesn't have a dependency array, or one of the dependencies changes on every render. @ http://localhost:4173/node_modules/.vite/deps/react-dom_client.js?v=2622a540:3528
[  186019ms] [ERROR] Maximum update depth exceeded. This can happen when a component calls setState inside useEffect, but useEffect either doesn't have a dependency array, or one of the dependencies changes on every render. @ http://localhost:4173/node_modules/.vite/deps/react-dom_client.js?v=2622a540:3528
[  186414ms] [ERROR] Maximum update depth exceeded. This can happen when a component calls setState inside useEffect, but useEffect either doesn't have a dependency array, or one of the dependencies changes on every render. @ http://localhost:4173/node_modules/.vite/deps/react-dom_client.js?v=2622a540:3528
[  186890ms] [ERROR] Maximum update depth exceeded. This can happen when a component calls setState inside useEffect, but useEffect either doesn't have a dependency array, or one of the dependencies changes on every render. @ http://localhost:4173/node_modules/.vite/deps/react-dom_client.js?v=2622a540:3528
[  187297ms] [ERROR] Maximum update depth exceeded. This can happen when a component calls setState inside useEffect, but useEffect either doesn't have a dependency array, or one of the dependencies changes on every render. @ http://localhost:4173/node_modules/.vite/deps/react-dom_client.js?v=2622a540:3528
[  187778ms] [ERROR] Maximum update depth exceeded. This can happen when a component calls setState inside useEffect, but useEffect either doesn't have a dependency array, or one of the dependencies changes on every render. @ http://localhost:4173/node_modules/.vite/deps/react-dom_client.js?v=2622a540:3528
[  188136ms] [ERROR] Maximum update depth exceeded. This can happen when a component calls setState inside useEffect, but useEffect either doesn't have a dependency array, or one of the dependencies changes on every render. @ http://localhost:4173/node_modules/.vite/deps/react-dom_client.js?v=2622a540:3528
[  188502ms] [ERROR] Maximum update depth exceeded. This can happen when a component calls setState inside useEffect, but useEffect either doesn't have a dependency array, or one of the dependencies changes on every render. @ http://localhost:4173/node_modules/.vite/deps/react-dom_client.js?v=2622a540:3528
[  188962ms] [ERROR] Maximum update depth exceeded. This can happen when a component calls setState inside useEffect, but useEffect either doesn't have a dependency array, or one of the dependencies changes on every render. @ http://localhost:4173/node_modules/.vite/deps/react-dom_client.js?v=2622a540:3528
[  189457ms] [ERROR] Maximum update depth exceeded. This can happen when a component calls setState inside useEffect, but useEffect either doesn't have a dependency array, or one of the dependencies changes on every render. @ http://localhost:4173/node_modules/.vite/deps/react-dom_client.js?v=2622a540:3528
[  189952ms] [ERROR] Maximum update depth exceeded. This can happen when a component calls setState inside useEffect, but useEffect either doesn't have a dependency array, or one of the dependencies changes on every render. @ http://localhost:4173/node_modules/.vite/deps/react-dom_client.js?v=2622a540:3528
[  190348ms] [ERROR] Maximum update depth exceeded. This can happen when a component calls setState inside useEffect, but useEffect either doesn't have a dependency array, or one of the dependencies changes on every render. @ http://localhost:4173/node_modules/.vite/deps/react-dom_client.js?v=2622a540:3528
[  190824ms] [ERROR] Maximum update depth exceeded. This can happen when a component calls setState inside useEffect, but useEffect either doesn't have a dependency array, or one of the dependencies changes on every render. @ http://localhost:4173/node_modules/.vite/deps/react-dom_client.js?v=2622a540:3528
[  191183ms] [ERROR] Maximum update depth exceeded. This can happen when a component calls setState inside useEffect, but useEffect either doesn't have a dependency array, or one of the dependencies changes on every render. @ http://localhost:4173/node_modules/.vite/deps/react-dom_client.js?v=2622a540:3528
[  191546ms] [ERROR] Maximum update depth exceeded. This can happen when a component calls setState inside useEffect, but useEffect either doesn't have a dependency array, or one of the dependencies changes on every render. @ http://localhost:4173/node_modules/.vite/deps/react-dom_client.js?v=2622a540:3528
[  191994ms] [ERROR] Maximum update depth exceeded. This can happen when a component calls setState inside useEffect, but useEffect either doesn't have a dependency array, or one of the dependencies changes on every render. @ http://localhost:4173/node_modules/.vite/deps/react-dom_client.js?v=2622a540:3528
[  192319ms] [ERROR] Maximum update depth exceeded. This can happen when a component calls setState inside useEffect, but useEffect either doesn't have a dependency array, or one of the dependencies changes on every render. @ http://localhost:4173/node_modules/.vite/deps/react-dom_client.js?v=2622a540:3528
[  192726ms] [ERROR] Maximum update depth exceeded. This can happen when a component calls setState inside useEffect, but useEffect either doesn't have a dependency array, or one of the dependencies changes on every render. @ http://localhost:4173/node_modules/.vite/deps/react-dom_client.js?v=2622a540:3528
[  193054ms] [ERROR] Maximum update depth exceeded. This can happen when a component calls setState inside useEffect, but useEffect either doesn't have a dependency array, or one of the dependencies changes on every render. @ http://localhost:4173/node_modules/.vite/deps/react-dom_client.js?v=2622a540:3528
[  193359ms] [ERROR] Maximum update depth exceeded. This can happen when a component calls setState inside useEffect, but useEffect either doesn't have a dependency array, or one of the dependencies changes on every render. @ http://localhost:4173/node_modules/.vite/deps/react-dom_client.js?v=2622a540:3528
[  193755ms] [ERROR] Maximum update depth exceeded. This can happen when a component calls setState inside useEffect, but useEffect either doesn't have a dependency array, or one of the dependencies changes on every render. @ http://localhost:4173/node_modules/.vite/deps/react-dom_client.js?v=2622a540:3528
[  194084ms] [ERROR] Maximum update depth exceeded. This can happen when a component calls setState inside useEffect, but useEffect either doesn't have a dependency array, or one of the dependencies changes on every render. @ http://localhost:4173/node_modules/.vite/deps/react-dom_client.js?v=2622a540:3528
[  194389ms] [ERROR] Maximum update depth exceeded. This can happen when a component calls setState inside useEffect, but useEffect either doesn't have a dependency array, or one of the dependencies changes on every render. @ http://localhost:4173/node_modules/.vite/deps/react-dom_client.js?v=2622a540:3528
[  194792ms] [ERROR] Maximum update depth exceeded. This can happen when a component calls setState inside useEffect, but useEffect either doesn't have a dependency array, or one of the dependencies changes on every render. @ http://localhost:4173/node_modules/.vite/deps/react-dom_client.js?v=2622a540:3528
[  195113ms] [ERROR] Maximum update depth exceeded. This can happen when a component calls setState inside useEffect, but useEffect either doesn't have a dependency array, or one of the dependencies changes on every render. @ http://localhost:4173/node_modules/.vite/deps/react-dom_client.js?v=2622a540:3528
[  195450ms] [ERROR] Maximum update depth exceeded. This can happen when a component calls setState inside useEffect, but useEffect either doesn't have a dependency array, or one of the dependencies changes on every render. @ http://localhost:4173/node_modules/.vite/deps/react-dom_client.js?v=2622a540:3528
[  195868ms] [ERROR] Maximum update depth exceeded. This can happen when a component calls setState inside useEffect, but useEffect either doesn't have a dependency array, or one of the dependencies changes on every render. @ http://localhost:4173/node_modules/.vite/deps/react-dom_client.js?v=2622a540:3528
[  196171ms] [ERROR] Maximum update depth exceeded. This can happen when a component calls setState inside useEffect, but useEffect either doesn't have a dependency array, or one of the dependencies changes on every render. @ http://localhost:4173/node_modules/.vite/deps/react-dom_client.js?v=2622a540:3528
[  196475ms] [ERROR] Maximum update depth exceeded. This can happen when a component calls setState inside useEffect, but useEffect either doesn't have a dependency array, or one of the dependencies changes on every render. @ http://localhost:4173/node_modules/.vite/deps/react-dom_client.js?v=2622a540:3528
[  196868ms] [ERROR] Maximum update depth exceeded. This can happen when a component calls setState inside useEffect, but useEffect either doesn't have a dependency array, or one of the dependencies changes on every render. @ http://localhost:4173/node_modules/.vite/deps/react-dom_client.js?v=2622a540:3528
[  197166ms] [ERROR] Maximum update depth exceeded. This can happen when a component calls setState inside useEffect, but useEffect either doesn't have a dependency array, or one of the dependencies changes on every render. @ http://localhost:4173/node_modules/.vite/deps/react-dom_client.js?v=2622a540:3528
[  197464ms] [ERROR] Maximum update depth exceeded. This can happen when a component calls setState inside useEffect, but useEffect either doesn't have a dependency array, or one of the dependencies changes on every render. @ http://localhost:4173/node_modules/.vite/deps/react-dom_client.js?v=2622a540:3528
[  197856ms] [ERROR] Maximum update depth exceeded. This can happen when a component calls setState inside useEffect, but useEffect either doesn't have a dependency array, or one of the dependencies changes on every render. @ http://localhost:4173/node_modules/.vite/deps/react-dom_client.js?v=2622a540:3528
[  198168ms] [ERROR] Maximum update depth exceeded. This can happen when a component calls setState inside useEffect, but useEffect either doesn't have a dependency array, or one of the dependencies changes on every render. @ http://localhost:4173/node_modules/.vite/deps/react-dom_client.js?v=2622a540:3528
[  198476ms] [ERROR] Maximum update depth exceeded. This can happen when a component calls setState inside useEffect, but useEffect either doesn't have a dependency array, or one of the dependencies changes on every render. @ http://localhost:4173/node_modules/.vite/deps/react-dom_client.js?v=2622a540:3528
[  198892ms] [ERROR] Maximum update depth exceeded. This can happen when a component calls setState inside useEffect, but useEffect either doesn't have a dependency array, or one of the dependencies changes on every render. @ http://localhost:4173/node_modules/.vite/deps/react-dom_client.js?v=2622a540:3528
[  199191ms] [ERROR] Maximum update depth exceeded. This can happen when a component calls setState inside useEffect, but useEffect either doesn't have a dependency array, or one of the dependencies changes on every render. @ http://localhost:4173/node_modules/.vite/deps/react-dom_client.js?v=2622a540:3528
[  199485ms] [ERROR] Maximum update depth exceeded. This can happen when a component calls setState inside useEffect, but useEffect either doesn't have a dependency array, or one of the dependencies changes on every render. @ http://localhost:4173/node_modules/.vite/deps/react-dom_client.js?v=2622a540:3528
[  199878ms] [ERROR] Maximum update depth exceeded. This can happen when a component calls setState inside useEffect, but useEffect either doesn't have a dependency array, or one of the dependencies changes on every render. @ http://localhost:4173/node_modules/.vite/deps/react-dom_client.js?v=2622a540:3528
[  200219ms] [ERROR] Maximum update depth exceeded. This can happen when a component calls setState inside useEffect, but useEffect either doesn't have a dependency array, or one of the dependencies changes on every render. @ http://localhost:4173/node_modules/.vite/deps/react-dom_client.js?v=2622a540:3528
[  200566ms] [ERROR] Maximum update depth exceeded. This can happen when a component calls setState inside useEffect, but useEffect either doesn't have a dependency array, or one of the dependencies changes on every render. @ http://localhost:4173/node_modules/.vite/deps/react-dom_client.js?v=2622a540:3528
[  200960ms] [ERROR] Maximum update depth exceeded. This can happen when a component calls setState inside useEffect, but useEffect either doesn't have a dependency array, or one of the dependencies changes on every render. @ http://localhost:4173/node_modules/.vite/deps/react-dom_client.js?v=2622a540:3528
[  201275ms] [ERROR] Maximum update depth exceeded. This can happen when a component calls setState inside useEffect, but useEffect either doesn't have a dependency array, or one of the dependencies changes on every render. @ http://localhost:4173/node_modules/.vite/deps/react-dom_client.js?v=2622a540:3528
[  201572ms] [ERROR] Maximum update depth exceeded. This can happen when a component calls setState inside useEffect, but useEffect either doesn't have a dependency array, or one of the dependencies changes on every render. @ http://localhost:4173/node_modules/.vite/deps/react-dom_client.js?v=2622a540:3528
[  201949ms] [ERROR] Maximum update depth exceeded. This can happen when a component calls setState inside useEffect, but useEffect either doesn't have a dependency array, or one of the dependencies changes on every render. @ http://localhost:4173/node_modules/.vite/deps/react-dom_client.js?v=2622a540:3528
[  202287ms] [ERROR] Maximum update depth exceeded. This can happen when a component calls setState inside useEffect, but useEffect either doesn't have a dependency array, or one of the dependencies changes on every render. @ http://localhost:4173/node_modules/.vite/deps/react-dom_client.js?v=2622a540:3528
[  202737ms] [ERROR] Maximum update depth exceeded. This can happen when a component calls setState inside useEffect, but useEffect either doesn't have a dependency array, or one of the dependencies changes on every render. @ http://localhost:4173/node_modules/.vite/deps/react-dom_client.js?v=2622a540:3528
[  203043ms] [ERROR] Maximum update depth exceeded. This can happen when a component calls setState inside useEffect, but useEffect either doesn't have a dependency array, or one of the dependencies changes on every render. @ http://localhost:4173/node_modules/.vite/deps/react-dom_client.js?v=2622a540:3528
[  203355ms] [ERROR] Maximum update depth exceeded. This can happen when a component calls setState inside useEffect, but useEffect either doesn't have a dependency array, or one of the dependencies changes on every render. @ http://localhost:4173/node_modules/.vite/deps/react-dom_client.js?v=2622a540:3528
[  203751ms] [ERROR] Maximum update depth exceeded. This can happen when a component calls setState inside useEffect, but useEffect either doesn't have a dependency array, or one of the dependencies changes on every render. @ http://localhost:4173/node_modules/.vite/deps/react-dom_client.js?v=2622a540:3528
[  204055ms] [ERROR] Maximum update depth exceeded. This can happen when a component calls setState inside useEffect, but useEffect either doesn't have a dependency array, or one of the dependencies changes on every render. @ http://localhost:4173/node_modules/.vite/deps/react-dom_client.js?v=2622a540:3528
[  204346ms] [ERROR] Maximum update depth exceeded. This can happen when a component calls setState inside useEffect, but useEffect either doesn't have a dependency array, or one of the dependencies changes on every render. @ http://localhost:4173/node_modules/.vite/deps/react-dom_client.js?v=2622a540:3528
[  204728ms] [ERROR] Maximum update depth exceeded. This can happen when a component calls setState inside useEffect, but useEffect either doesn't have a dependency array, or one of the dependencies changes on every render. @ http://localhost:4173/node_modules/.vite/deps/react-dom_client.js?v=2622a540:3528
[  205023ms] [ERROR] Maximum update depth exceeded. This can happen when a component calls setState inside useEffect, but useEffect either doesn't have a dependency array, or one of the dependencies changes on every render. @ http://localhost:4173/node_modules/.vite/deps/react-dom_client.js?v=2622a540:3528
[  205317ms] [ERROR] Maximum update depth exceeded. This can happen when a component calls setState inside useEffect, but useEffect either doesn't have a dependency array, or one of the dependencies changes on every render. @ http://localhost:4173/node_modules/.vite/deps/react-dom_client.js?v=2622a540:3528
[  205655ms] [ERROR] Maximum update depth exceeded. This can happen when a component calls setState inside useEffect, but useEffect either doesn't have a dependency array, or one of the dependencies changes on every render. @ http://localhost:4173/node_modules/.vite/deps/react-dom_client.js?v=2622a540:3528
[  206006ms] [ERROR] Maximum update depth exceeded. This can happen when a component calls setState inside useEffect, but useEffect either doesn't have a dependency array, or one of the dependencies changes on every render. @ http://localhost:4173/node_modules/.vite/deps/react-dom_client.js?v=2622a540:3528
[  206301ms] [ERROR] Maximum update depth exceeded. This can happen when a component calls setState inside useEffect, but useEffect either doesn't have a dependency array, or one of the dependencies changes on every render. @ http://localhost:4173/node_modules/.vite/deps/react-dom_client.js?v=2622a540:3528
[  206684ms] [ERROR] Maximum update depth exceeded. This can happen when a component calls setState inside useEffect, but useEffect either doesn't have a dependency array, or one of the dependencies changes on every render. @ http://localhost:4173/node_modules/.vite/deps/react-dom_client.js?v=2622a540:3528
[  207013ms] [ERROR] Maximum update depth exceeded. This can happen when a component calls setState inside useEffect, but useEffect either doesn't have a dependency array, or one of the dependencies changes on every render. @ http://localhost:4173/node_modules/.vite/deps/react-dom_client.js?v=2622a540:3528
[  207301ms] [ERROR] Maximum update depth exceeded. This can happen when a component calls setState inside useEffect, but useEffect either doesn't have a dependency array, or one of the dependencies changes on every render. @ http://localhost:4173/node_modules/.vite/deps/react-dom_client.js?v=2622a540:3528
[  207641ms] [ERROR] Maximum update depth exceeded. This can happen when a component calls setState inside useEffect, but useEffect either doesn't have a dependency array, or one of the dependencies changes on every render. @ http://localhost:4173/node_modules/.vite/deps/react-dom_client.js?v=2622a540:3528
[  208010ms] [ERROR] Maximum update depth exceeded. This can happen when a component calls setState inside useEffect, but useEffect either doesn't have a dependency array, or one of the dependencies changes on every render. @ http://localhost:4173/node_modules/.vite/deps/react-dom_client.js?v=2622a540:3528
[  208300ms] [ERROR] Maximum update depth exceeded. This can happen when a component calls setState inside useEffect, but useEffect either doesn't have a dependency array, or one of the dependencies changes on every render. @ http://localhost:4173/node_modules/.vite/deps/react-dom_client.js?v=2622a540:3528
[  208594ms] [ERROR] Maximum update depth exceeded. This can happen when a component calls setState inside useEffect, but useEffect either doesn't have a dependency array, or one of the dependencies changes on every render. @ http://localhost:4173/node_modules/.vite/deps/react-dom_client.js?v=2622a540:3528
[  208967ms] [ERROR] Maximum update depth exceeded. This can happen when a component calls setState inside useEffect, but useEffect either doesn't have a dependency array, or one of the dependencies changes on every render. @ http://localhost:4173/node_modules/.vite/deps/react-dom_client.js?v=2622a540:3528
[  209256ms] [ERROR] Maximum update depth exceeded. This can happen when a component calls setState inside useEffect, but useEffect either doesn't have a dependency array, or one of the dependencies changes on every render. @ http://localhost:4173/node_modules/.vite/deps/react-dom_client.js?v=2622a540:3528
[  209547ms] [ERROR] Maximum update depth exceeded. This can happen when a component calls setState inside useEffect, but useEffect either doesn't have a dependency array, or one of the dependencies changes on every render. @ http://localhost:4173/node_modules/.vite/deps/react-dom_client.js?v=2622a540:3528
[  209928ms] [ERROR] Maximum update depth exceeded. This can happen when a component calls setState inside useEffect, but useEffect either doesn't have a dependency array, or one of the dependencies changes on every render. @ http://localhost:4173/node_modules/.vite/deps/react-dom_client.js?v=2622a540:3528
[  210221ms] [ERROR] Maximum update depth exceeded. This can happen when a component calls setState inside useEffect, but useEffect either doesn't have a dependency array, or one of the dependencies changes on every render. @ http://localhost:4173/node_modules/.vite/deps/react-dom_client.js?v=2622a540:3528
[  210542ms] [ERROR] Maximum update depth exceeded. This can happen when a component calls setState inside useEffect, but useEffect either doesn't have a dependency array, or one of the dependencies changes on every render. @ http://localhost:4173/node_modules/.vite/deps/react-dom_client.js?v=2622a540:3528
[  210924ms] [ERROR] Maximum update depth exceeded. This can happen when a component calls setState inside useEffect, but useEffect either doesn't have a dependency array, or one of the dependencies changes on every render. @ http://localhost:4173/node_modules/.vite/deps/react-dom_client.js?v=2622a540:3528
[  211212ms] [ERROR] Maximum update depth exceeded. This can happen when a component calls setState inside useEffect, but useEffect either doesn't have a dependency array, or one of the dependencies changes on every render. @ http://localhost:4173/node_modules/.vite/deps/react-dom_client.js?v=2622a540:3528
[  211507ms] [ERROR] Maximum update depth exceeded. This can happen when a component calls setState inside useEffect, but useEffect either doesn't have a dependency array, or one of the dependencies changes on every render. @ http://localhost:4173/node_modules/.vite/deps/react-dom_client.js?v=2622a540:3528
[  211885ms] [ERROR] Maximum update depth exceeded. This can happen when a component calls setState inside useEffect, but useEffect either doesn't have a dependency array, or one of the dependencies changes on every render. @ http://localhost:4173/node_modules/.vite/deps/react-dom_client.js?v=2622a540:3528
[  212173ms] [ERROR] Maximum update depth exceeded. This can happen when a component calls setState inside useEffect, but useEffect either doesn't have a dependency array, or one of the dependencies changes on every render. @ http://localhost:4173/node_modules/.vite/deps/react-dom_client.js?v=2622a540:3528
[  212467ms] [ERROR] Maximum update depth exceeded. This can happen when a component calls setState inside useEffect, but useEffect either doesn't have a dependency array, or one of the dependencies changes on every render. @ http://localhost:4173/node_modules/.vite/deps/react-dom_client.js?v=2622a540:3528
[  212856ms] [ERROR] Maximum update depth exceeded. This can happen when a component calls setState inside useEffect, but useEffect either doesn't have a dependency array, or one of the dependencies changes on every render. @ http://localhost:4173/node_modules/.vite/deps/react-dom_client.js?v=2622a540:3528
[  213146ms] [ERROR] Maximum update depth exceeded. This can happen when a component calls setState inside useEffect, but useEffect either doesn't have a dependency array, or one of the dependencies changes on every render. @ http://localhost:4173/node_modules/.vite/deps/react-dom_client.js?v=2622a540:3528
[  213436ms] [ERROR] Maximum update depth exceeded. This can happen when a component calls setState inside useEffect, but useEffect either doesn't have a dependency array, or one of the dependencies changes on every render. @ http://localhost:4173/node_modules/.vite/deps/react-dom_client.js?v=2622a540:3528
[  213816ms] [ERROR] Maximum update depth exceeded. This can happen when a component calls setState inside useEffect, but useEffect either doesn't have a dependency array, or one of the dependencies changes on every render. @ http://localhost:4173/node_modules/.vite/deps/react-dom_client.js?v=2622a540:3528
[  214108ms] [ERROR] Maximum update depth exceeded. This can happen when a component calls setState inside useEffect, but useEffect either doesn't have a dependency array, or one of the dependencies changes on every render. @ http://localhost:4173/node_modules/.vite/deps/react-dom_client.js?v=2622a540:3528
[  214449ms] [ERROR] Maximum update depth exceeded. This can happen when a component calls setState inside useEffect, but useEffect either doesn't have a dependency array, or one of the dependencies changes on every render. @ http://localhost:4173/node_modules/.vite/deps/react-dom_client.js?v=2622a540:3528
[  214902ms] [ERROR] Maximum update depth exceeded. This can happen when a component calls setState inside useEffect, but useEffect either doesn't have a dependency array, or one of the dependencies changes on every render. @ http://localhost:4173/node_modules/.vite/deps/react-dom_client.js?v=2622a540:3528
