[  190346ms] [ERROR] Failed to load resource: the server responded with a status of 400 (Bad Request) @ http://localhost:4173/__json/business:0
[  190352ms] [ERROR] Failed to load JSON via CRUD API (business) Error: JSON CRUD request failed (400): {"error":"Invalid JSON payload"}
    at requestJson (http://localhost:4173/src/api/jsonCrud.ts:15:11)
    at async loadWithPersistence (http://localhost:4173/src/api/index.ts:133:23)
    at async loadBusinessProfile (http://localhost:4173/src/api/index.ts:191:16)
    at async Object.getBusinessProfile (http://localhost:4173/src/api/index.ts:371:5)
    at async handleCompanySettings (http://localhost:4173/src/components/AppNav.tsx?t=1770628144689:65:23) @ http://localhost:4173/src/api/index.ts:136
[  190361ms] [ERROR] Failed to load JSON: /data/business.json SyntaxError: Unexpected non-whitespace character after JSON at position 808 (line 33 column 3) @ http://localhost:4173/src/api/index.ts:45
[  190369ms] [ERROR] Failed to load resource: the server responded with a status of 400 (Bad Request) @ http://localhost:4173/__json/business:0
[  190394ms] [ERROR] Failed to persist JSON file for business: Error: JSON CRUD request failed (400): {"error":"Invalid JSON payload"}
    at requestJson (http://localhost:4173/src/api/jsonCrud.ts:15:11)
    at async persistToFile (http://localhost:4173/src/api/index.ts:113:22) @ http://localhost:4173/src/api/index.ts:116
[  190727ms] [ERROR] Maximum update depth exceeded. This can happen when a component calls setState inside useEffect, but useEffect either doesn't have a dependency array, or one of the dependencies changes on every render. @ http://localhost:4173/node_modules/.vite/deps/react-dom_client.js?v=2622a540:3528
[  191348ms] [ERROR] Maximum update depth exceeded. This can happen when a component calls setState inside useEffect, but useEffect either doesn't have a dependency array, or one of the dependencies changes on every render. @ http://localhost:4173/node_modules/.vite/deps/react-dom_client.js?v=2622a540:3528
[  191776ms] [ERROR] Maximum update depth exceeded. This can happen when a component calls setState inside useEffect, but useEffect either doesn't have a dependency array, or one of the dependencies changes on every render. @ http://localhost:4173/node_modules/.vite/deps/react-dom_client.js?v=2622a540:3528
[  192328ms] [ERROR] Maximum update depth exceeded. This can happen when a component calls setState inside useEffect, but useEffect either doesn't have a dependency array, or one of the dependencies changes on every render. @ http://localhost:4173/node_modules/.vite/deps/react-dom_client.js?v=2622a540:3528
[  192726ms] [ERROR] Maximum update depth exceeded. This can happen when a component calls setState inside useEffect, but useEffect either doesn't have a dependency array, or one of the dependencies changes on every render. @ http://localhost:4173/node_modules/.vite/deps/react-dom_client.js?v=2622a540:3528
[  193126ms] [ERROR] Maximum update depth exceeded. This can happen when a component calls setState inside useEffect, but useEffect either doesn't have a dependency array, or one of the dependencies changes on every render. @ http://localhost:4173/node_modules/.vite/deps/react-dom_client.js?v=2622a540:3528
[  193633ms] [ERROR] Maximum update depth exceeded. This can happen when a component calls setState inside useEffect, but useEffect either doesn't have a dependency array, or one of the dependencies changes on every render. @ http://localhost:4173/node_modules/.vite/deps/react-dom_client.js?v=2622a540:3528
[  194011ms] [ERROR] Maximum update depth exceeded. This can happen when a component calls setState inside useEffect, but useEffect either doesn't have a dependency array, or one of the dependencies changes on every render. @ http://localhost:4173/node_modules/.vite/deps/react-dom_client.js?v=2622a540:3528
[  194495ms] [ERROR] Maximum update depth exceeded. This can happen when a component calls setState inside useEffect, but useEffect either doesn't have a dependency array, or one of the dependencies changes on every render. @ http://localhost:4173/node_modules/.vite/deps/react-dom_client.js?v=2622a540:3528
[  194896ms] [ERROR] Maximum update depth exceeded. This can happen when a component calls setState inside useEffect, but useEffect either doesn't have a dependency array, or one of the dependencies changes on every render. @ http://localhost:4173/node_modules/.vite/deps/react-dom_client.js?v=2622a540:3528
[  195469ms] [ERROR] Maximum update depth exceeded. This can happen when a component calls setState inside useEffect, but useEffect either doesn't have a dependency array, or one of the dependencies changes on every render. @ http://localhost:4173/node_modules/.vite/deps/react-dom_client.js?v=2622a540:3528
[  195891ms] [ERROR] Maximum update depth exceeded. This can happen when a component calls setState inside useEffect, but useEffect either doesn't have a dependency array, or one of the dependencies changes on every render. @ http://localhost:4173/node_modules/.vite/deps/react-dom_client.js?v=2622a540:3528
[  196407ms] [ERROR] Maximum update depth exceeded. This can happen when a component calls setState inside useEffect, but useEffect either doesn't have a dependency array, or one of the dependencies changes on every render. @ http://localhost:4173/node_modules/.vite/deps/react-dom_client.js?v=2622a540:3528
[  196901ms] [ERROR] Maximum update depth exceeded. This can happen when a component calls setState inside useEffect, but useEffect either doesn't have a dependency array, or one of the dependencies changes on every render. @ http://localhost:4173/node_modules/.vite/deps/react-dom_client.js?v=2622a540:3528
[  197431ms] [ERROR] Maximum update depth exceeded. This can happen when a component calls setState inside useEffect, but useEffect either doesn't have a dependency array, or one of the dependencies changes on every render. @ http://localhost:4173/node_modules/.vite/deps/react-dom_client.js?v=2622a540:3528
[  197849ms] [ERROR] Maximum update depth exceeded. This can happen when a component calls setState inside useEffect, but useEffect either doesn't have a dependency array, or one of the dependencies changes on every render. @ http://localhost:4173/node_modules/.vite/deps/react-dom_client.js?v=2622a540:3528
[  198413ms] [ERROR] Maximum update depth exceeded. This can happen when a component calls setState inside useEffect, but useEffect either doesn't have a dependency array, or one of the dependencies changes on every render. @ http://localhost:4173/node_modules/.vite/deps/react-dom_client.js?v=2622a540:3528
[  198888ms] [ERROR] Maximum update depth exceeded. This can happen when a component calls setState inside useEffect, but useEffect either doesn't have a dependency array, or one of the dependencies changes on every render. @ http://localhost:4173/node_modules/.vite/deps/react-dom_client.js?v=2622a540:3528
[  199483ms] [ERROR] Maximum update depth exceeded. This can happen when a component calls setState inside useEffect, but useEffect either doesn't have a dependency array, or one of the dependencies changes on every render. @ http://localhost:4173/node_modules/.vite/deps/react-dom_client.js?v=2622a540:3528
[  199931ms] [ERROR] Maximum update depth exceeded. This can happen when a component calls setState inside useEffect, but useEffect either doesn't have a dependency array, or one of the dependencies changes on every render. @ http://localhost:4173/node_modules/.vite/deps/react-dom_client.js?v=2622a540:3528
[  200436ms] [ERROR] Maximum update depth exceeded. This can happen when a component calls setState inside useEffect, but useEffect either doesn't have a dependency array, or one of the dependencies changes on every render. @ http://localhost:4173/node_modules/.vite/deps/react-dom_client.js?v=2622a540:3528
[  200845ms] [ERROR] Maximum update depth exceeded. This can happen when a component calls setState inside useEffect, but useEffect either doesn't have a dependency array, or one of the dependencies changes on every render. @ http://localhost:4173/node_modules/.vite/deps/react-dom_client.js?v=2622a540:3528
[  201349ms] [ERROR] Maximum update depth exceeded. This can happen when a component calls setState inside useEffect, but useEffect either doesn't have a dependency array, or one of the dependencies changes on every render. @ http://localhost:4173/node_modules/.vite/deps/react-dom_client.js?v=2622a540:3528
[  202011ms] [ERROR] Maximum update depth exceeded. This can happen when a component calls setState inside useEffect, but useEffect either doesn't have a dependency array, or one of the dependencies changes on every render. @ http://localhost:4173/node_modules/.vite/deps/react-dom_client.js?v=2622a540:3528
[  202870ms] [ERROR] Maximum update depth exceeded. This can happen when a component calls setState inside useEffect, but useEffect either doesn't have a dependency array, or one of the dependencies changes on every render. @ http://localhost:4173/node_modules/.vite/deps/react-dom_client.js?v=2622a540:3528
[  203604ms] [ERROR] Maximum update depth exceeded. This can happen when a component calls setState inside useEffect, but useEffect either doesn't have a dependency array, or one of the dependencies changes on every render. @ http://localhost:4173/node_modules/.vite/deps/react-dom_client.js?v=2622a540:3528
[  204129ms] [ERROR] Maximum update depth exceeded. This can happen when a component calls setState inside useEffect, but useEffect either doesn't have a dependency array, or one of the dependencies changes on every render. @ http://localhost:4173/node_modules/.vite/deps/react-dom_client.js?v=2622a540:3528
[  204715ms] [ERROR] Maximum update depth exceeded. This can happen when a component calls setState inside useEffect, but useEffect either doesn't have a dependency array, or one of the dependencies changes on every render. @ http://localhost:4173/node_modules/.vite/deps/react-dom_client.js?v=2622a540:3528
[  205225ms] [ERROR] Maximum update depth exceeded. This can happen when a component calls setState inside useEffect, but useEffect either doesn't have a dependency array, or one of the dependencies changes on every render. @ http://localhost:4173/node_modules/.vite/deps/react-dom_client.js?v=2622a540:3528
[  205765ms] [ERROR] Maximum update depth exceeded. This can happen when a component calls setState inside useEffect, but useEffect either doesn't have a dependency array, or one of the dependencies changes on every render. @ http://localhost:4173/node_modules/.vite/deps/react-dom_client.js?v=2622a540:3528
[  206228ms] [ERROR] Maximum update depth exceeded. This can happen when a component calls setState inside useEffect, but useEffect either doesn't have a dependency array, or one of the dependencies changes on every render. @ http://localhost:4173/node_modules/.vite/deps/react-dom_client.js?v=2622a540:3528
[  206752ms] [ERROR] Maximum update depth exceeded. This can happen when a component calls setState inside useEffect, but useEffect either doesn't have a dependency array, or one of the dependencies changes on every render. @ http://localhost:4173/node_modules/.vite/deps/react-dom_client.js?v=2622a540:3528
[  207185ms] [ERROR] Maximum update depth exceeded. This can happen when a component calls setState inside useEffect, but useEffect either doesn't have a dependency array, or one of the dependencies changes on every render. @ http://localhost:4173/node_modules/.vite/deps/react-dom_client.js?v=2622a540:3528
[  207725ms] [ERROR] Maximum update depth exceeded. This can happen when a component calls setState inside useEffect, but useEffect either doesn't have a dependency array, or one of the dependencies changes on every render. @ http://localhost:4173/node_modules/.vite/deps/react-dom_client.js?v=2622a540:3528
[  208148ms] [ERROR] Maximum update depth exceeded. This can happen when a component calls setState inside useEffect, but useEffect either doesn't have a dependency array, or one of the dependencies changes on every render. @ http://localhost:4173/node_modules/.vite/deps/react-dom_client.js?v=2622a540:3528
[  208680ms] [ERROR] Maximum update depth exceeded. This can happen when a component calls setState inside useEffect, but useEffect either doesn't have a dependency array, or one of the dependencies changes on every render. @ http://localhost:4173/node_modules/.vite/deps/react-dom_client.js?v=2622a540:3528
[  209096ms] [ERROR] Maximum update depth exceeded. This can happen when a component calls setState inside useEffect, but useEffect either doesn't have a dependency array, or one of the dependencies changes on every render. @ http://localhost:4173/node_modules/.vite/deps/react-dom_client.js?v=2622a540:3528
[  209911ms] [ERROR] Maximum update depth exceeded. This can happen when a component calls setState inside useEffect, but useEffect either doesn't have a dependency array, or one of the dependencies changes on every render. @ http://localhost:4173/node_modules/.vite/deps/react-dom_client.js?v=2622a540:3528
[  210825ms] [ERROR] Maximum update depth exceeded. This can happen when a component calls setState inside useEffect, but useEffect either doesn't have a dependency array, or one of the dependencies changes on every render. @ http://localhost:4173/node_modules/.vite/deps/react-dom_client.js?v=2622a540:3528
[  211327ms] [ERROR] Maximum update depth exceeded. This can happen when a component calls setState inside useEffect, but useEffect either doesn't have a dependency array, or one of the dependencies changes on every render. @ http://localhost:4173/node_modules/.vite/deps/react-dom_client.js?v=2622a540:3528
[  211781ms] [ERROR] Maximum update depth exceeded. This can happen when a component calls setState inside useEffect, but useEffect either doesn't have a dependency array, or one of the dependencies changes on every render. @ http://localhost:4173/node_modules/.vite/deps/react-dom_client.js?v=2622a540:3528
[  212197ms] [ERROR] Maximum update depth exceeded. This can happen when a component calls setState inside useEffect, but useEffect either doesn't have a dependency array, or one of the dependencies changes on every render. @ http://localhost:4173/node_modules/.vite/deps/react-dom_client.js?v=2622a540:3528
[  212719ms] [ERROR] Maximum update depth exceeded. This can happen when a component calls setState inside useEffect, but useEffect either doesn't have a dependency array, or one of the dependencies changes on every render. @ http://localhost:4173/node_modules/.vite/deps/react-dom_client.js?v=2622a540:3528
[  213138ms] [ERROR] Maximum update depth exceeded. This can happen when a component calls setState inside useEffect, but useEffect either doesn't have a dependency array, or one of the dependencies changes on every render. @ http://localhost:4173/node_modules/.vite/deps/react-dom_client.js?v=2622a540:3528
[  213649ms] [ERROR] Maximum update depth exceeded. This can happen when a component calls setState inside useEffect, but useEffect either doesn't have a dependency array, or one of the dependencies changes on every render. @ http://localhost:4173/node_modules/.vite/deps/react-dom_client.js?v=2622a540:3528
[  214047ms] [ERROR] Maximum update depth exceeded. This can happen when a component calls setState inside useEffect, but useEffect either doesn't have a dependency array, or one of the dependencies changes on every render. @ http://localhost:4173/node_modules/.vite/deps/react-dom_client.js?v=2622a540:3528
[  214546ms] [ERROR] Maximum update depth exceeded. This can happen when a component calls setState inside useEffect, but useEffect either doesn't have a dependency array, or one of the dependencies changes on every render. @ http://localhost:4173/node_modules/.vite/deps/react-dom_client.js?v=2622a540:3528
[  214951ms] [ERROR] Maximum update depth exceeded. This can happen when a component calls setState inside useEffect, but useEffect either doesn't have a dependency array, or one of the dependencies changes on every render. @ http://localhost:4173/node_modules/.vite/deps/react-dom_client.js?v=2622a540:3528
[  215506ms] [ERROR] Maximum update depth exceeded. This can happen when a component calls setState inside useEffect, but useEffect either doesn't have a dependency array, or one of the dependencies changes on every render. @ http://localhost:4173/node_modules/.vite/deps/react-dom_client.js?v=2622a540:3528
[  215971ms] [ERROR] Maximum update depth exceeded. This can happen when a component calls setState inside useEffect, but useEffect either doesn't have a dependency array, or one of the dependencies changes on every render. @ http://localhost:4173/node_modules/.vite/deps/react-dom_client.js?v=2622a540:3528
[  216615ms] [ERROR] Maximum update depth exceeded. This can happen when a component calls setState inside useEffect, but useEffect either doesn't have a dependency array, or one of the dependencies changes on every render. @ http://localhost:4173/node_modules/.vite/deps/react-dom_client.js?v=2622a540:3528
[  217021ms] [ERROR] Maximum update depth exceeded. This can happen when a component calls setState inside useEffect, but useEffect either doesn't have a dependency array, or one of the dependencies changes on every render. @ http://localhost:4173/node_modules/.vite/deps/react-dom_client.js?v=2622a540:3528
[  217545ms] [ERROR] Maximum update depth exceeded. This can happen when a component calls setState inside useEffect, but useEffect either doesn't have a dependency array, or one of the dependencies changes on every render. @ http://localhost:4173/node_modules/.vite/deps/react-dom_client.js?v=2622a540:3528
[  217962ms] [ERROR] Maximum update depth exceeded. This can happen when a component calls setState inside useEffect, but useEffect either doesn't have a dependency array, or one of the dependencies changes on every render. @ http://localhost:4173/node_modules/.vite/deps/react-dom_client.js?v=2622a540:3528
[  218511ms] [ERROR] Maximum update depth exceeded. This can happen when a component calls setState inside useEffect, but useEffect either doesn't have a dependency array, or one of the dependencies changes on every render. @ http://localhost:4173/node_modules/.vite/deps/react-dom_client.js?v=2622a540:3528
[  218964ms] [ERROR] Maximum update depth exceeded. This can happen when a component calls setState inside useEffect, but useEffect either doesn't have a dependency array, or one of the dependencies changes on every render. @ http://localhost:4173/node_modules/.vite/deps/react-dom_client.js?v=2622a540:3528
[  219496ms] [ERROR] Maximum update depth exceeded. This can happen when a component calls setState inside useEffect, but useEffect either doesn't have a dependency array, or one of the dependencies changes on every render. @ http://localhost:4173/node_modules/.vite/deps/react-dom_client.js?v=2622a540:3528
[  219975ms] [ERROR] Maximum update depth exceeded. This can happen when a component calls setState inside useEffect, but useEffect either doesn't have a dependency array, or one of the dependencies changes on every render. @ http://localhost:4173/node_modules/.vite/deps/react-dom_client.js?v=2622a540:3528
[  220645ms] [ERROR] Maximum update depth exceeded. This can happen when a component calls setState inside useEffect, but useEffect either doesn't have a dependency array, or one of the dependencies changes on every render. @ http://localhost:4173/node_modules/.vite/deps/react-dom_client.js?v=2622a540:3528
[  221193ms] [ERROR] Maximum update depth exceeded. This can happen when a component calls setState inside useEffect, but useEffect either doesn't have a dependency array, or one of the dependencies changes on every render. @ http://localhost:4173/node_modules/.vite/deps/react-dom_client.js?v=2622a540:3528
[  221719ms] [ERROR] Maximum update depth exceeded. This can happen when a component calls setState inside useEffect, but useEffect either doesn't have a dependency array, or one of the dependencies changes on every render. @ http://localhost:4173/node_modules/.vite/deps/react-dom_client.js?v=2622a540:3528
[  222206ms] [ERROR] Maximum update depth exceeded. This can happen when a component calls setState inside useEffect, but useEffect either doesn't have a dependency array, or one of the dependencies changes on every render. @ http://localhost:4173/node_modules/.vite/deps/react-dom_client.js?v=2622a540:3528
[  222746ms] [ERROR] Maximum update depth exceeded. This can happen when a component calls setState inside useEffect, but useEffect either doesn't have a dependency array, or one of the dependencies changes on every render. @ http://localhost:4173/node_modules/.vite/deps/react-dom_client.js?v=2622a540:3528
[  223146ms] [ERROR] Maximum update depth exceeded. This can happen when a component calls setState inside useEffect, but useEffect either doesn't have a dependency array, or one of the dependencies changes on every render. @ http://localhost:4173/node_modules/.vite/deps/react-dom_client.js?v=2622a540:3528
[  223658ms] [ERROR] Maximum update depth exceeded. This can happen when a component calls setState inside useEffect, but useEffect either doesn't have a dependency array, or one of the dependencies changes on every render. @ http://localhost:4173/node_modules/.vite/deps/react-dom_client.js?v=2622a540:3528
[  224054ms] [ERROR] Maximum update depth exceeded. This can happen when a component calls setState inside useEffect, but useEffect either doesn't have a dependency array, or one of the dependencies changes on every render. @ http://localhost:4173/node_modules/.vite/deps/react-dom_client.js?v=2622a540:3528
[  224560ms] [ERROR] Maximum update depth exceeded. This can happen when a component calls setState inside useEffect, but useEffect either doesn't have a dependency array, or one of the dependencies changes on every render. @ http://localhost:4173/node_modules/.vite/deps/react-dom_client.js?v=2622a540:3528
[  224957ms] [ERROR] Maximum update depth exceeded. This can happen when a component calls setState inside useEffect, but useEffect either doesn't have a dependency array, or one of the dependencies changes on every render. @ http://localhost:4173/node_modules/.vite/deps/react-dom_client.js?v=2622a540:3528
[  225473ms] [ERROR] Maximum update depth exceeded. This can happen when a component calls setState inside useEffect, but useEffect either doesn't have a dependency array, or one of the dependencies changes on every render. @ http://localhost:4173/node_modules/.vite/deps/react-dom_client.js?v=2622a540:3528
[  225921ms] [ERROR] Maximum update depth exceeded. This can happen when a component calls setState inside useEffect, but useEffect either doesn't have a dependency array, or one of the dependencies changes on every render. @ http://localhost:4173/node_modules/.vite/deps/react-dom_client.js?v=2622a540:3528
[  226493ms] [ERROR] Maximum update depth exceeded. This can happen when a component calls setState inside useEffect, but useEffect either doesn't have a dependency array, or one of the dependencies changes on every render. @ http://localhost:4173/node_modules/.vite/deps/react-dom_client.js?v=2622a540:3528
[  226939ms] [ERROR] Maximum update depth exceeded. This can happen when a component calls setState inside useEffect, but useEffect either doesn't have a dependency array, or one of the dependencies changes on every render. @ http://localhost:4173/node_modules/.vite/deps/react-dom_client.js?v=2622a540:3528
[  227517ms] [ERROR] Maximum update depth exceeded. This can happen when a component calls setState inside useEffect, but useEffect either doesn't have a dependency array, or one of the dependencies changes on every render. @ http://localhost:4173/node_modules/.vite/deps/react-dom_client.js?v=2622a540:3528
[  227930ms] [ERROR] Maximum update depth exceeded. This can happen when a component calls setState inside useEffect, but useEffect either doesn't have a dependency array, or one of the dependencies changes on every render. @ http://localhost:4173/node_modules/.vite/deps/react-dom_client.js?v=2622a540:3528
[  228442ms] [ERROR] Maximum update depth exceeded. This can happen when a component calls setState inside useEffect, but useEffect either doesn't have a dependency array, or one of the dependencies changes on every render. @ http://localhost:4173/node_modules/.vite/deps/react-dom_client.js?v=2622a540:3528
[  228842ms] [ERROR] Maximum update depth exceeded. This can happen when a component calls setState inside useEffect, but useEffect either doesn't have a dependency array, or one of the dependencies changes on every render. @ http://localhost:4173/node_modules/.vite/deps/react-dom_client.js?v=2622a540:3528
[  229250ms] [ERROR] Maximum update depth exceeded. This can happen when a component calls setState inside useEffect, but useEffect either doesn't have a dependency array, or one of the dependencies changes on every render. @ http://localhost:4173/node_modules/.vite/deps/react-dom_client.js?v=2622a540:3528
[  229763ms] [ERROR] Maximum update depth exceeded. This can happen when a component calls setState inside useEffect, but useEffect either doesn't have a dependency array, or one of the dependencies changes on every render. @ http://localhost:4173/node_modules/.vite/deps/react-dom_client.js?v=2622a540:3528
[  230164ms] [ERROR] Maximum update depth exceeded. This can happen when a component calls setState inside useEffect, but useEffect either doesn't have a dependency array, or one of the dependencies changes on every render. @ http://localhost:4173/node_modules/.vite/deps/react-dom_client.js?v=2622a540:3528
[  230661ms] [ERROR] Maximum update depth exceeded. This can happen when a component calls setState inside useEffect, but useEffect either doesn't have a dependency array, or one of the dependencies changes on every render. @ http://localhost:4173/node_modules/.vite/deps/react-dom_client.js?v=2622a540:3528
[  231060ms] [ERROR] Maximum update depth exceeded. This can happen when a component calls setState inside useEffect, but useEffect either doesn't have a dependency array, or one of the dependencies changes on every render. @ http://localhost:4173/node_modules/.vite/deps/react-dom_client.js?v=2622a540:3528
[  231563ms] [ERROR] Maximum update depth exceeded. This can happen when a component calls setState inside useEffect, but useEffect either doesn't have a dependency array, or one of the dependencies changes on every render. @ http://localhost:4173/node_modules/.vite/deps/react-dom_client.js?v=2622a540:3528
[  231935ms] [ERROR] Maximum update depth exceeded. This can happen when a component calls setState inside useEffect, but useEffect either doesn't have a dependency array, or one of the dependencies changes on every render. @ http://localhost:4173/node_modules/.vite/deps/react-dom_client.js?v=2622a540:3528
[  232497ms] [ERROR] Maximum update depth exceeded. This can happen when a component calls setState inside useEffect, but useEffect either doesn't have a dependency array, or one of the dependencies changes on every render. @ http://localhost:4173/node_modules/.vite/deps/react-dom_client.js?v=2622a540:3528
[  232879ms] [ERROR] Maximum update depth exceeded. This can happen when a component calls setState inside useEffect, but useEffect either doesn't have a dependency array, or one of the dependencies changes on every render. @ http://localhost:4173/node_modules/.vite/deps/react-dom_client.js?v=2622a540:3528
[  233256ms] [ERROR] Maximum update depth exceeded. This can happen when a component calls setState inside useEffect, but useEffect either doesn't have a dependency array, or one of the dependencies changes on every render. @ http://localhost:4173/node_modules/.vite/deps/react-dom_client.js?v=2622a540:3528
[  233736ms] [ERROR] Maximum update depth exceeded. This can happen when a component calls setState inside useEffect, but useEffect either doesn't have a dependency array, or one of the dependencies changes on every render. @ http://localhost:4173/node_modules/.vite/deps/react-dom_client.js?v=2622a540:3528
[  234103ms] [ERROR] Maximum update depth exceeded. This can happen when a component calls setState inside useEffect, but useEffect either doesn't have a dependency array, or one of the dependencies changes on every render. @ http://localhost:4173/node_modules/.vite/deps/react-dom_client.js?v=2622a540:3528
[  234593ms] [ERROR] Maximum update depth exceeded. This can happen when a component calls setState inside useEffect, but useEffect either doesn't have a dependency array, or one of the dependencies changes on every render. @ http://localhost:4173/node_modules/.vite/deps/react-dom_client.js?v=2622a540:3528
[  234966ms] [ERROR] Maximum update depth exceeded. This can happen when a component calls setState inside useEffect, but useEffect either doesn't have a dependency array, or one of the dependencies changes on every render. @ http://localhost:4173/node_modules/.vite/deps/react-dom_client.js?v=2622a540:3528
[  235443ms] [ERROR] Maximum update depth exceeded. This can happen when a component calls setState inside useEffect, but useEffect either doesn't have a dependency array, or one of the dependencies changes on every render. @ http://localhost:4173/node_modules/.vite/deps/react-dom_client.js?v=2622a540:3528
[  235860ms] [ERROR] Maximum update depth exceeded. This can happen when a component calls setState inside useEffect, but useEffect either doesn't have a dependency array, or one of the dependencies changes on every render. @ http://localhost:4173/node_modules/.vite/deps/react-dom_client.js?v=2622a540:3528
[  236235ms] [ERROR] Maximum update depth exceeded. This can happen when a component calls setState inside useEffect, but useEffect either doesn't have a dependency array, or one of the dependencies changes on every render. @ http://localhost:4173/node_modules/.vite/deps/react-dom_client.js?v=2622a540:3528
[  236798ms] [ERROR] Maximum update depth exceeded. This can happen when a component calls setState inside useEffect, but useEffect either doesn't have a dependency array, or one of the dependencies changes on every render. @ http://localhost:4173/node_modules/.vite/deps/react-dom_client.js?v=2622a540:3528
[  237244ms] [ERROR] Maximum update depth exceeded. This can happen when a component calls setState inside useEffect, but useEffect either doesn't have a dependency array, or one of the dependencies changes on every render. @ http://localhost:4173/node_modules/.vite/deps/react-dom_client.js?v=2622a540:3528
[  237865ms] [ERROR] Maximum update depth exceeded. This can happen when a component calls setState inside useEffect, but useEffect either doesn't have a dependency array, or one of the dependencies changes on every render. @ http://localhost:4173/node_modules/.vite/deps/react-dom_client.js?v=2622a540:3528
[  238290ms] [ERROR] Maximum update depth exceeded. This can happen when a component calls setState inside useEffect, but useEffect either doesn't have a dependency array, or one of the dependencies changes on every render. @ http://localhost:4173/node_modules/.vite/deps/react-dom_client.js?v=2622a540:3528
[  238767ms] [ERROR] Maximum update depth exceeded. This can happen when a component calls setState inside useEffect, but useEffect either doesn't have a dependency array, or one of the dependencies changes on every render. @ http://localhost:4173/node_modules/.vite/deps/react-dom_client.js?v=2622a540:3528
[  239160ms] [ERROR] Maximum update depth exceeded. This can happen when a component calls setState inside useEffect, but useEffect either doesn't have a dependency array, or one of the dependencies changes on every render. @ http://localhost:4173/node_modules/.vite/deps/react-dom_client.js?v=2622a540:3528
[  239651ms] [ERROR] Maximum update depth exceeded. This can happen when a component calls setState inside useEffect, but useEffect either doesn't have a dependency array, or one of the dependencies changes on every render. @ http://localhost:4173/node_modules/.vite/deps/react-dom_client.js?v=2622a540:3528
[  240043ms] [ERROR] Maximum update depth exceeded. This can happen when a component calls setState inside useEffect, but useEffect either doesn't have a dependency array, or one of the dependencies changes on every render. @ http://localhost:4173/node_modules/.vite/deps/react-dom_client.js?v=2622a540:3528
[  240544ms] [ERROR] Maximum update depth exceeded. This can happen when a component calls setState inside useEffect, but useEffect either doesn't have a dependency array, or one of the dependencies changes on every render. @ http://localhost:4173/node_modules/.vite/deps/react-dom_client.js?v=2622a540:3528
[  240932ms] [ERROR] Maximum update depth exceeded. This can happen when a component calls setState inside useEffect, but useEffect either doesn't have a dependency array, or one of the dependencies changes on every render. @ http://localhost:4173/node_modules/.vite/deps/react-dom_client.js?v=2622a540:3528
[  241353ms] [ERROR] Maximum update depth exceeded. This can happen when a component calls setState inside useEffect, but useEffect either doesn't have a dependency array, or one of the dependencies changes on every render. @ http://localhost:4173/node_modules/.vite/deps/react-dom_client.js?v=2622a540:3528
[  241826ms] [ERROR] Maximum update depth exceeded. This can happen when a component calls setState inside useEffect, but useEffect either doesn't have a dependency array, or one of the dependencies changes on every render. @ http://localhost:4173/node_modules/.vite/deps/react-dom_client.js?v=2622a540:3528
[  242209ms] [ERROR] Maximum update depth exceeded. This can happen when a component calls setState inside useEffect, but useEffect either doesn't have a dependency array, or one of the dependencies changes on every render. @ http://localhost:4173/node_modules/.vite/deps/react-dom_client.js?v=2622a540:3528
[  242715ms] [ERROR] Maximum update depth exceeded. This can happen when a component calls setState inside useEffect, but useEffect either doesn't have a dependency array, or one of the dependencies changes on every render. @ http://localhost:4173/node_modules/.vite/deps/react-dom_client.js?v=2622a540:3528
[  243100ms] [ERROR] Maximum update depth exceeded. This can happen when a component calls setState inside useEffect, but useEffect either doesn't have a dependency array, or one of the dependencies changes on every render. @ http://localhost:4173/node_modules/.vite/deps/react-dom_client.js?v=2622a540:3528
[  243651ms] [ERROR] Maximum update depth exceeded. This can happen when a component calls setState inside useEffect, but useEffect either doesn't have a dependency array, or one of the dependencies changes on every render. @ http://localhost:4173/node_modules/.vite/deps/react-dom_client.js?v=2622a540:3528
[  244028ms] [ERROR] Maximum update depth exceeded. This can happen when a component calls setState inside useEffect, but useEffect either doesn't have a dependency array, or one of the dependencies changes on every render. @ http://localhost:4173/node_modules/.vite/deps/react-dom_client.js?v=2622a540:3528
[  244554ms] [ERROR] Maximum update depth exceeded. This can happen when a component calls setState inside useEffect, but useEffect either doesn't have a dependency array, or one of the dependencies changes on every render. @ http://localhost:4173/node_modules/.vite/deps/react-dom_client.js?v=2622a540:3528
[  244929ms] [ERROR] Maximum update depth exceeded. This can happen when a component calls setState inside useEffect, but useEffect either doesn't have a dependency array, or one of the dependencies changes on every render. @ http://localhost:4173/node_modules/.vite/deps/react-dom_client.js?v=2622a540:3528
[  245316ms] [ERROR] Maximum update depth exceeded. This can happen when a component calls setState inside useEffect, but useEffect either doesn't have a dependency array, or one of the dependencies changes on every render. @ http://localhost:4173/node_modules/.vite/deps/react-dom_client.js?v=2622a540:3528
[  245806ms] [ERROR] Maximum update depth exceeded. This can happen when a component calls setState inside useEffect, but useEffect either doesn't have a dependency array, or one of the dependencies changes on every render. @ http://localhost:4173/node_modules/.vite/deps/react-dom_client.js?v=2622a540:3528
[  246184ms] [ERROR] Maximum update depth exceeded. This can happen when a component calls setState inside useEffect, but useEffect either doesn't have a dependency array, or one of the dependencies changes on every render. @ http://localhost:4173/node_modules/.vite/deps/react-dom_client.js?v=2622a540:3528
[  246667ms] [ERROR] Maximum update depth exceeded. This can happen when a component calls setState inside useEffect, but useEffect either doesn't have a dependency array, or one of the dependencies changes on every render. @ http://localhost:4173/node_modules/.vite/deps/react-dom_client.js?v=2622a540:3528
[  247054ms] [ERROR] Maximum update depth exceeded. This can happen when a component calls setState inside useEffect, but useEffect either doesn't have a dependency array, or one of the dependencies changes on every render. @ http://localhost:4173/node_modules/.vite/deps/react-dom_client.js?v=2622a540:3528
[  247541ms] [ERROR] Maximum update depth exceeded. This can happen when a component calls setState inside useEffect, but useEffect either doesn't have a dependency array, or one of the dependencies changes on every render. @ http://localhost:4173/node_modules/.vite/deps/react-dom_client.js?v=2622a540:3528
[  247971ms] [ERROR] Maximum update depth exceeded. This can happen when a component calls setState inside useEffect, but useEffect either doesn't have a dependency array, or one of the dependencies changes on every render. @ http://localhost:4173/node_modules/.vite/deps/react-dom_client.js?v=2622a540:3528
[  248358ms] [ERROR] Maximum update depth exceeded. This can happen when a component calls setState inside useEffect, but useEffect either doesn't have a dependency array, or one of the dependencies changes on every render. @ http://localhost:4173/node_modules/.vite/deps/react-dom_client.js?v=2622a540:3528
[  248897ms] [ERROR] Maximum update depth exceeded. This can happen when a component calls setState inside useEffect, but useEffect either doesn't have a dependency array, or one of the dependencies changes on every render. @ http://localhost:4173/node_modules/.vite/deps/react-dom_client.js?v=2622a540:3528
[  249279ms] [ERROR] Maximum update depth exceeded. This can happen when a component calls setState inside useEffect, but useEffect either doesn't have a dependency array, or one of the dependencies changes on every render. @ http://localhost:4173/node_modules/.vite/deps/react-dom_client.js?v=2622a540:3528
[  249779ms] [ERROR] Maximum update depth exceeded. This can happen when a component calls setState inside useEffect, but useEffect either doesn't have a dependency array, or one of the dependencies changes on every render. @ http://localhost:4173/node_modules/.vite/deps/react-dom_client.js?v=2622a540:3528
[  250179ms] [ERROR] Maximum update depth exceeded. This can happen when a component calls setState inside useEffect, but useEffect either doesn't have a dependency array, or one of the dependencies changes on every render. @ http://localhost:4173/node_modules/.vite/deps/react-dom_client.js?v=2622a540:3528
[  250670ms] [ERROR] Maximum update depth exceeded. This can happen when a component calls setState inside useEffect, but useEffect either doesn't have a dependency array, or one of the dependencies changes on every render. @ http://localhost:4173/node_modules/.vite/deps/react-dom_client.js?v=2622a540:3528
[  251195ms] [ERROR] Maximum update depth exceeded. This can happen when a component calls setState inside useEffect, but useEffect either doesn't have a dependency array, or one of the dependencies changes on every render. @ http://localhost:4173/node_modules/.vite/deps/react-dom_client.js?v=2622a540:3528
[  251870ms] [ERROR] Maximum update depth exceeded. This can happen when a component calls setState inside useEffect, but useEffect either doesn't have a dependency array, or one of the dependencies changes on every render. @ http://localhost:4173/node_modules/.vite/deps/react-dom_client.js?v=2622a540:3528
[  252275ms] [ERROR] Maximum update depth exceeded. This can happen when a component calls setState inside useEffect, but useEffect either doesn't have a dependency array, or one of the dependencies changes on every render. @ http://localhost:4173/node_modules/.vite/deps/react-dom_client.js?v=2622a540:3528
[  252763ms] [ERROR] Maximum update depth exceeded. This can happen when a component calls setState inside useEffect, but useEffect either doesn't have a dependency array, or one of the dependencies changes on every render. @ http://localhost:4173/node_modules/.vite/deps/react-dom_client.js?v=2622a540:3528
[  253136ms] [ERROR] Maximum update depth exceeded. This can happen when a component calls setState inside useEffect, but useEffect either doesn't have a dependency array, or one of the dependencies changes on every render. @ http://localhost:4173/node_modules/.vite/deps/react-dom_client.js?v=2622a540:3528
[  253607ms] [ERROR] Maximum update depth exceeded. This can happen when a component calls setState inside useEffect, but useEffect either doesn't have a dependency array, or one of the dependencies changes on every render. @ http://localhost:4173/node_modules/.vite/deps/react-dom_client.js?v=2622a540:3528
[  254033ms] [ERROR] Maximum update depth exceeded. This can happen when a component calls setState inside useEffect, but useEffect either doesn't have a dependency array, or one of the dependencies changes on every render. @ http://localhost:4173/node_modules/.vite/deps/react-dom_client.js?v=2622a540:3528
[  254745ms] [ERROR] Maximum update depth exceeded. This can happen when a component calls setState inside useEffect, but useEffect either doesn't have a dependency array, or one of the dependencies changes on every render. @ http://localhost:4173/node_modules/.vite/deps/react-dom_client.js?v=2622a540:3528
[  255173ms] [ERROR] Maximum update depth exceeded. This can happen when a component calls setState inside useEffect, but useEffect either doesn't have a dependency array, or one of the dependencies changes on every render. @ http://localhost:4173/node_modules/.vite/deps/react-dom_client.js?v=2622a540:3528
